[2020-09-04 15:50:11] production.ERROR: Please provide a valid cache path. {"exception":"[object] (InvalidArgumentException(code: 0): Please provide a valid cache path. at /home/chamroeun/Documents/backup-cloudware.com.kh/mcu/mcu.edu.kh/vendor/laravel/framework/src/Illuminate/View/Compilers/Compiler.php:36)
[stacktrace]
#0 /home/chamroeun/Documents/backup-cloudware.com.kh/mcu/mcu.edu.kh/vendor/laravel/framework/src/Illuminate/View/ViewServiceProvider.php(92): Illuminate\\View\\Compilers\\Compiler->__construct()
#1 /home/chamroeun/Documents/backup-cloudware.com.kh/mcu/mcu.edu.kh/vendor/laravel/framework/src/Illuminate/Container/Container.php(799): Illuminate\\View\\ViewServiceProvider->Illuminate\\View\\{closure}()
#2 /home/chamroeun/Documents/backup-cloudware.com.kh/mcu/mcu.edu.kh/vendor/laravel/framework/src/Illuminate/Container/Container.php(681): Illuminate\\Container\\Container->build()
#3 /home/chamroeun/Documents/backup-cloudware.com.kh/mcu/mcu.edu.kh/vendor/laravel/framework/src/Illuminate/Foundation/Application.php(785): Illuminate\\Container\\Container->resolve()
#4 /home/chamroeun/Documents/backup-cloudware.com.kh/mcu/mcu.edu.kh/vendor/laravel/framework/src/Illuminate/Container/Container.php(629): Illuminate\\Foundation\\Application->resolve()
#5 /home/chamroeun/Documents/backup-cloudware.com.kh/mcu/mcu.edu.kh/vendor/laravel/framework/src/Illuminate/Foundation/Application.php(770): Illuminate\\Container\\Container->make()
#6 /home/chamroeun/Documents/backup-cloudware.com.kh/mcu/mcu.edu.kh/vendor/laravel/framework/src/Illuminate/Container/Container.php(1245): Illuminate\\Foundation\\Application->make()
#7 /home/chamroeun/Documents/backup-cloudware.com.kh/mcu/mcu.edu.kh/vendor/laravel/framework/src/Illuminate/View/ViewServiceProvider.php(153): Illuminate\\Container\\Container->offsetGet()
#8 [internal function]: Illuminate\\View\\ViewServiceProvider->Illuminate\\View\\{closure}()
#9 /home/chamroeun/Documents/backup-cloudware.com.kh/mcu/mcu.edu.kh/vendor/laravel/framework/src/Illuminate/View/Engines/EngineResolver.php(55): call_user_func()
#10 /home/chamroeun/Documents/backup-cloudware.com.kh/mcu/mcu.edu.kh/vendor/facade/ignition/src/IgnitionServiceProvider.php(378): Illuminate\\View\\Engines\\EngineResolver->resolve()
#11 /home/chamroeun/Documents/backup-cloudware.com.kh/mcu/mcu.edu.kh/vendor/facade/ignition/src/IgnitionServiceProvider.php(117): Facade\\Ignition\\IgnitionServiceProvider->hasCustomViewEnginesRegistered()
#12 /home/chamroeun/Documents/backup-cloudware.com.kh/mcu/mcu.edu.kh/vendor/facade/ignition/src/IgnitionServiceProvider.php(79): Facade\\Ignition\\IgnitionServiceProvider->registerViewEngines()
#13 [internal function]: Facade\\Ignition\\IgnitionServiceProvider->boot()
#14 /home/chamroeun/Documents/backup-cloudware.com.kh/mcu/mcu.edu.kh/vendor/laravel/framework/src/Illuminate/Container/BoundMethod.php(32): call_user_func_array()
#15 /home/chamroeun/Documents/backup-cloudware.com.kh/mcu/mcu.edu.kh/vendor/laravel/framework/src/Illuminate/Container/Util.php(36): Illuminate\\Container\\BoundMethod::Illuminate\\Container\\{closure}()
#16 /home/chamroeun/Documents/backup-cloudware.com.kh/mcu/mcu.edu.kh/vendor/laravel/framework/src/Illuminate/Container/BoundMethod.php(90): Illuminate\\Container\\Util::unwrapIfClosure()
#17 /home/chamroeun/Documents/backup-cloudware.com.kh/mcu/mcu.edu.kh/vendor/laravel/framework/src/Illuminate/Container/BoundMethod.php(34): Illuminate\\Container\\BoundMethod::callBoundMethod()
#18 /home/chamroeun/Documents/backup-cloudware.com.kh/mcu/mcu.edu.kh/vendor/laravel/framework/src/Illuminate/Container/Container.php(590): Illuminate\\Container\\BoundMethod::call()
#19 /home/chamroeun/Documents/backup-cloudware.com.kh/mcu/mcu.edu.kh/vendor/laravel/framework/src/Illuminate/Foundation/Application.php(856): Illuminate\\Container\\Container->call()
#20 /home/chamroeun/Documents/backup-cloudware.com.kh/mcu/mcu.edu.kh/vendor/laravel/framework/src/Illuminate/Foundation/Application.php(839): Illuminate\\Foundation\\Application->bootProvider()
#21 [internal function]: Illuminate\\Foundation\\Application->Illuminate\\Foundation\\{closure}()
#22 /home/chamroeun/Documents/backup-cloudware.com.kh/mcu/mcu.edu.kh/vendor/laravel/framework/src/Illuminate/Foundation/Application.php(840): array_walk()
#23 /home/chamroeun/Documents/backup-cloudware.com.kh/mcu/mcu.edu.kh/vendor/laravel/framework/src/Illuminate/Foundation/Bootstrap/BootProviders.php(17): Illuminate\\Foundation\\Application->boot()
#24 /home/chamroeun/Documents/backup-cloudware.com.kh/mcu/mcu.edu.kh/vendor/laravel/framework/src/Illuminate/Foundation/Application.php(219): Illuminate\\Foundation\\Bootstrap\\BootProviders->bootstrap()
#25 /home/chamroeun/Documents/backup-cloudware.com.kh/mcu/mcu.edu.kh/vendor/laravel/framework/src/Illuminate/Foundation/Console/Kernel.php(320): Illuminate\\Foundation\\Application->bootstrapWith()
#26 /home/chamroeun/Documents/backup-cloudware.com.kh/mcu/mcu.edu.kh/vendor/laravel/framework/src/Illuminate/Foundation/Console/Kernel.php(129): Illuminate\\Foundation\\Console\\Kernel->bootstrap()
#27 /home/chamroeun/Documents/backup-cloudware.com.kh/mcu/mcu.edu.kh/artisan(37): Illuminate\\Foundation\\Console\\Kernel->handle()
#28 {main}
"} 
